<?xml version="1.0" encoding="UTF-8"?>
<coverage generated="1641523782799" clover="3.2.0">
  <project timestamp="1641523782800" name="All files">
    <metrics statements="50" coveredstatements="50" conditionals="14" coveredconditionals="14" methods="12" coveredmethods="12" elements="76" coveredelements="76" complexity="0" loc="50" ncloc="50" packages="1" files="1" classes="1"/>
    <file name="age.js" path="/Users/Wajma/Desktop/Project_Solar_Age/src/js/age.js">
      <metrics statements="50" coveredstatements="50" conditionals="14" coveredconditionals="14" methods="12" coveredmethods="12"/>
      <line num="3" count="16" type="stmt"/>
      <line num="4" count="16" type="stmt"/>
      <line num="5" count="16" type="stmt"/>
      <line num="6" count="16" type="stmt"/>
      <line num="7" count="16" type="stmt"/>
      <line num="8" count="16" type="stmt"/>
      <line num="9" count="16" type="stmt"/>
      <line num="10" count="16" type="stmt"/>
      <line num="11" count="16" type="stmt"/>
      <line num="12" count="16" type="stmt"/>
      <line num="15" count="1" type="stmt"/>
      <line num="16" count="1" type="stmt"/>
      <line num="17" count="1" type="stmt"/>
      <line num="18" count="1" type="stmt"/>
      <line num="21" count="3" type="stmt"/>
      <line num="22" count="3" type="cond" truecount="2" falsecount="0"/>
      <line num="23" count="1" type="stmt"/>
      <line num="24" count="2" type="cond" truecount="4" falsecount="0"/>
      <line num="25" count="1" type="stmt"/>
      <line num="27" count="1" type="stmt"/>
      <line num="29" count="3" type="stmt"/>
      <line num="32" count="1" type="stmt"/>
      <line num="35" count="1" type="stmt"/>
      <line num="36" count="1" type="stmt"/>
      <line num="37" count="1" type="stmt"/>
      <line num="40" count="1" type="stmt"/>
      <line num="41" count="1" type="stmt"/>
      <line num="42" count="1" type="stmt"/>
      <line num="45" count="1" type="stmt"/>
      <line num="46" count="1" type="stmt"/>
      <line num="47" count="1" type="stmt"/>
      <line num="50" count="1" type="stmt"/>
      <line num="51" count="1" type="stmt"/>
      <line num="52" count="1" type="stmt"/>
      <line num="55" count="2" type="stmt"/>
      <line num="56" count="2" type="cond" truecount="2" falsecount="0"/>
      <line num="57" count="1" type="stmt"/>
      <line num="59" count="1" type="stmt"/>
      <line num="63" count="2" type="stmt"/>
      <line num="64" count="2" type="cond" truecount="2" falsecount="0"/>
      <line num="65" count="1" type="stmt"/>
      <line num="67" count="1" type="stmt"/>
      <line num="71" count="2" type="stmt"/>
      <line num="72" count="2" type="cond" truecount="2" falsecount="0"/>
      <line num="73" count="1" type="stmt"/>
      <line num="75" count="1" type="stmt"/>
      <line num="79" count="2" type="stmt"/>
      <line num="80" count="2" type="cond" truecount="2" falsecount="0"/>
      <line num="81" count="1" type="stmt"/>
      <line num="83" count="1" type="stmt"/>
    </file>
  </project>
</coverage>
