{"/Users/Wajma/Desktop/Project_Solar_Age/src/js/age.js": {"path":"/Users/Wajma/Desktop/Project_Solar_Age/src/js/age.js","statementMap":{"0":{"start":{"line":3,"column":4},"end":{"line":3,"column":29}},"1":{"start":{"line":4,"column":4},"end":{"line":4,"column":23}},"2":{"start":{"line":5,"column":4},"end":{"line":5,"column":29}},"3":{"start":{"line":6,"column":4},"end":{"line":6,"column":24}},"4":{"start":{"line":7,"column":4},"end":{"line":7,"column":22}},"5":{"start":{"line":8,"column":4},"end":{"line":8,"column":23}},"6":{"start":{"line":9,"column":4},"end":{"line":9,"column":44}},"7":{"start":{"line":10,"column":4},"end":{"line":10,"column":39}},"8":{"start":{"line":11,"column":4},"end":{"line":11,"column":37}},"9":{"start":{"line":12,"column":4},"end":{"line":12,"column":43}},"10":{"start":{"line":15,"column":19},"end":{"line":15,"column":48}},"11":{"start":{"line":16,"column":16},"end":{"line":16,"column":46}},"12":{"start":{"line":17,"column":4},"end":{"line":17,"column":95}},"13":{"start":{"line":18,"column":19},"end":{"line":18,"column":49}},"14":{"start":{"line":19,"column":6},"end":{"line":25,"column":7}},"15":{"start":{"line":20,"column":8},"end":{"line":20,"column":28}},"16":{"start":{"line":21,"column":13},"end":{"line":25,"column":7}},"17":{"start":{"line":22,"column":8},"end":{"line":22,"column":29}},"18":{"start":{"line":24,"column":8},"end":{"line":24,"column":29}},"19":{"start":{"line":26,"column":4},"end":{"line":26,"column":26}},"20":{"start":{"line":29,"column":4},"end":{"line":29,"column":50}},"21":{"start":{"line":32,"column":23},"end":{"line":32,"column":28}},"22":{"start":{"line":33,"column":20},"end":{"line":33,"column":58}},"23":{"start":{"line":34,"column":4},"end":{"line":34,"column":23}},"24":{"start":{"line":37,"column":21},"end":{"line":37,"column":26}},"25":{"start":{"line":38,"column":18},"end":{"line":38,"column":54}},"26":{"start":{"line":39,"column":4},"end":{"line":39,"column":21}},"27":{"start":{"line":42,"column":20},"end":{"line":42,"column":26}},"28":{"start":{"line":43,"column":17},"end":{"line":43,"column":52}},"29":{"start":{"line":44,"column":4},"end":{"line":44,"column":20}},"30":{"start":{"line":47,"column":23},"end":{"line":47,"column":30}},"31":{"start":{"line":48,"column":20},"end":{"line":48,"column":58}},"32":{"start":{"line":49,"column":4},"end":{"line":49,"column":23}},"33":{"start":{"line":52,"column":22},"end":{"line":52,"column":58}},"34":{"start":{"line":53,"column":4},"end":{"line":57,"column":5}},"35":{"start":{"line":54,"column":6},"end":{"line":54,"column":66}},"36":{"start":{"line":56,"column":6},"end":{"line":56,"column":72}},"37":{"start":{"line":60,"column":24},"end":{"line":60,"column":58}},"38":{"start":{"line":61,"column":4},"end":{"line":65,"column":5}},"39":{"start":{"line":62,"column":6},"end":{"line":62,"column":68}},"40":{"start":{"line":64,"column":6},"end":{"line":64,"column":74}},"41":{"start":{"line":68,"column":23},"end":{"line":68,"column":56}},"42":{"start":{"line":69,"column":4},"end":{"line":73,"column":5}},"43":{"start":{"line":70,"column":6},"end":{"line":70,"column":67}},"44":{"start":{"line":72,"column":6},"end":{"line":72,"column":74}},"45":{"start":{"line":77,"column":26},"end":{"line":77,"column":62}},"46":{"start":{"line":78,"column":4},"end":{"line":82,"column":5}},"47":{"start":{"line":79,"column":6},"end":{"line":79,"column":80}},"48":{"start":{"line":81,"column":6},"end":{"line":81,"column":67}}},"fnMap":{"0":{"name":"(anonymous_0)","decl":{"start":{"line":2,"column":2},"end":{"line":2,"column":3}},"loc":{"start":{"line":2,"column":32},"end":{"line":13,"column":3}},"line":2},"1":{"name":"(anonymous_1)","decl":{"start":{"line":14,"column":2},"end":{"line":14,"column":3}},"loc":{"start":{"line":14,"column":23},"end":{"line":27,"column":3}},"line":14},"2":{"name":"(anonymous_2)","decl":{"start":{"line":28,"column":2},"end":{"line":28,"column":3}},"loc":{"start":{"line":28,"column":28},"end":{"line":30,"column":3}},"line":28},"3":{"name":"(anonymous_3)","decl":{"start":{"line":31,"column":2},"end":{"line":31,"column":3}},"loc":{"start":{"line":31,"column":19},"end":{"line":35,"column":3}},"line":31},"4":{"name":"(anonymous_4)","decl":{"start":{"line":36,"column":2},"end":{"line":36,"column":3}},"loc":{"start":{"line":36,"column":17},"end":{"line":40,"column":3}},"line":36},"5":{"name":"(anonymous_5)","decl":{"start":{"line":41,"column":2},"end":{"line":41,"column":3}},"loc":{"start":{"line":41,"column":16},"end":{"line":45,"column":3}},"line":41},"6":{"name":"(anonymous_6)","decl":{"start":{"line":46,"column":2},"end":{"line":46,"column":3}},"loc":{"start":{"line":46,"column":19},"end":{"line":50,"column":3}},"line":46},"7":{"name":"(anonymous_7)","decl":{"start":{"line":51,"column":2},"end":{"line":51,"column":3}},"loc":{"start":{"line":51,"column":23},"end":{"line":58,"column":3}},"line":51},"8":{"name":"(anonymous_8)","decl":{"start":{"line":59,"column":2},"end":{"line":59,"column":3}},"loc":{"start":{"line":59,"column":21},"end":{"line":66,"column":3}},"line":59},"9":{"name":"(anonymous_9)","decl":{"start":{"line":67,"column":2},"end":{"line":67,"column":3}},"loc":{"start":{"line":67,"column":20},"end":{"line":74,"column":3}},"line":67},"10":{"name":"(anonymous_10)","decl":{"start":{"line":76,"column":2},"end":{"line":76,"column":3}},"loc":{"start":{"line":76,"column":23},"end":{"line":83,"column":3}},"line":76}},"branchMap":{"0":{"loc":{"start":{"line":19,"column":6},"end":{"line":25,"column":7}},"type":"if","locations":[{"start":{"line":19,"column":6},"end":{"line":25,"column":7}},{"start":{"line":19,"column":6},"end":{"line":25,"column":7}}],"line":19},"1":{"loc":{"start":{"line":21,"column":13},"end":{"line":25,"column":7}},"type":"if","locations":[{"start":{"line":21,"column":13},"end":{"line":25,"column":7}},{"start":{"line":21,"column":13},"end":{"line":25,"column":7}}],"line":21},"2":{"loc":{"start":{"line":21,"column":17},"end":{"line":21,"column":43}},"type":"binary-expr","locations":[{"start":{"line":21,"column":17},"end":{"line":21,"column":28}},{"start":{"line":21,"column":32},"end":{"line":21,"column":43}}],"line":21},"3":{"loc":{"start":{"line":53,"column":4},"end":{"line":57,"column":5}},"type":"if","locations":[{"start":{"line":53,"column":4},"end":{"line":57,"column":5}},{"start":{"line":53,"column":4},"end":{"line":57,"column":5}}],"line":53},"4":{"loc":{"start":{"line":61,"column":4},"end":{"line":65,"column":5}},"type":"if","locations":[{"start":{"line":61,"column":4},"end":{"line":65,"column":5}},{"start":{"line":61,"column":4},"end":{"line":65,"column":5}}],"line":61},"5":{"loc":{"start":{"line":69,"column":4},"end":{"line":73,"column":5}},"type":"if","locations":[{"start":{"line":69,"column":4},"end":{"line":73,"column":5}},{"start":{"line":69,"column":4},"end":{"line":73,"column":5}}],"line":69},"6":{"loc":{"start":{"line":78,"column":4},"end":{"line":82,"column":5}},"type":"if","locations":[{"start":{"line":78,"column":4},"end":{"line":82,"column":5}},{"start":{"line":78,"column":4},"end":{"line":82,"column":5}}],"line":78}},"s":{"0":4,"1":4,"2":4,"3":4,"4":4,"5":4,"6":4,"7":4,"8":4,"9":4,"10":1,"11":1,"12":1,"13":1,"14":1,"15":0,"16":1,"17":0,"18":1,"19":1,"20":1,"21":4,"22":4,"23":4,"24":4,"25":4,"26":4,"27":4,"28":4,"29":4,"30":4,"31":4,"32":4,"33":0,"34":0,"35":0,"36":0,"37":0,"38":0,"39":0,"40":0,"41":0,"42":0,"43":0,"44":0,"45":0,"46":0,"47":0,"48":0},"f":{"0":4,"1":1,"2":1,"3":4,"4":4,"5":4,"6":4,"7":0,"8":0,"9":0,"10":0},"b":{"0":[0,1],"1":[0,1],"2":[1,1],"3":[0,0],"4":[0,0],"5":[0,0],"6":[0,0]},"_coverageSchema":"43e27e138ebf9cfc5966b082cf9a028302ed4184","hash":"0a97e629995935bcec7c74f09b6eb8a06cc7f18e"}
}
