TN:
SF:/Users/Wajma/Desktop/Project_Solar_Age/src/js/age.js
FN:2,(anonymous_0)
FN:14,(anonymous_1)
FN:20,(anonymous_2)
FN:31,(anonymous_3)
FN:34,(anonymous_4)
FN:39,(anonymous_5)
FN:44,(anonymous_6)
FN:49,(anonymous_7)
FN:54,(anonymous_8)
FN:62,(anonymous_9)
FN:70,(anonymous_10)
FN:78,(anonymous_11)
FNF:12
FNH:12
FNDA:16,(anonymous_0)
FNDA:1,(anonymous_1)
FNDA:3,(anonymous_2)
FNDA:1,(anonymous_3)
FNDA:1,(anonymous_4)
FNDA:1,(anonymous_5)
FNDA:1,(anonymous_6)
FNDA:1,(anonymous_7)
FNDA:2,(anonymous_8)
FNDA:2,(anonymous_9)
FNDA:2,(anonymous_10)
FNDA:2,(anonymous_11)
DA:3,16
DA:4,16
DA:5,16
DA:6,16
DA:7,16
DA:8,16
DA:9,16
DA:10,16
DA:11,16
DA:12,16
DA:15,1
DA:16,1
DA:17,1
DA:18,1
DA:21,3
DA:22,3
DA:23,1
DA:24,2
DA:25,1
DA:27,1
DA:29,3
DA:32,1
DA:35,1
DA:36,1
DA:37,1
DA:40,1
DA:41,1
DA:42,1
DA:45,1
DA:46,1
DA:47,1
DA:50,1
DA:51,1
DA:52,1
DA:55,2
DA:56,2
DA:57,1
DA:59,1
DA:63,2
DA:64,2
DA:65,1
DA:67,1
DA:71,2
DA:72,2
DA:73,1
DA:75,1
DA:79,2
DA:80,2
DA:81,1
DA:83,1
LF:50
LH:50
BRDA:22,0,0,1
BRDA:22,0,1,2
BRDA:24,1,0,1
BRDA:24,1,1,1
BRDA:24,2,0,2
BRDA:24,2,1,2
BRDA:56,3,0,1
BRDA:56,3,1,1
BRDA:64,4,0,1
BRDA:64,4,1,1
BRDA:72,5,0,1
BRDA:72,5,1,1
BRDA:80,6,0,1
BRDA:80,6,1,1
BRF:14
BRH:14
end_of_record
